android/proguard/seeds.txt
com.mygdx.game.android.R$attr: int adSize
com.mygdx.game.android.R$attr: int adSizes
com.mygdx.game.android.R$attr: int adUnitId
com.mygdx.game.android.R$attr: int appTheme
com.mygdx.game.android.R$attr: int buyButtonAppearance
com.mygdx.game.android.R$attr: int buyButtonHeight
com.mygdx.game.android.R$attr: int buyButtonText
com.mygdx.game.android.R$attr: int buyButtonWidth
com.mygdx.game.android.R$attr: int cameraBearing
com.mygdx.game.android.R$attr: int cameraTargetLat
com.mygdx.game.android.R$attr: int cameraTargetLng
com.mygdx.game.android.R$attr: int cameraTilt
com.mygdx.game.android.R$attr: int cameraZoom
com.mygdx.game.android.R$attr: int environment
com.mygdx.game.android.R$attr: int fragmentMode
com.mygdx.game.android.R$attr: int fragmentStyle
com.mygdx.game.android.R$attr: int mapType
com.mygdx.game.android.R$attr: int maskedWalletDetailsBackground
com.mygdx.game.android.R$attr: int maskedWalletDetailsButtonBackground
com.mygdx.game.android.R$attr: int maskedWalletDetailsButtonTextAppearance
com.mygdx.game.android.R$attr: int maskedWalletDetailsHeaderTextAppearance
com.mygdx.game.android.R$attr: int maskedWalletDetailsLogoImageType
com.mygdx.game.android.R$attr: int maskedWalletDetailsLogoTextColor
com.mygdx.game.android.R$attr: int maskedWalletDetailsTextAppearance
com.mygdx.game.android.R$attr: int uiCompass
com.mygdx.game.android.R$attr: int uiRotateGestures
com.mygdx.game.android.R$attr: int uiScrollGestures
com.mygdx.game.android.R$attr: int uiTiltGestures
com.mygdx.game.android.R$color: int common_action_bar_splitter
com.mygdx.game.android.R$color: int common_signin_btn_dark_text_default
com.mygdx.game.android.R$color: int common_signin_btn_dark_text_disabled
com.mygdx.game.android.R$color: int common_signin_btn_dark_text_focused
com.mygdx.game.android.R$color: int common_signin_btn_dark_text_pressed
com.mygdx.game.android.R$color: int common_signin_btn_default_background
com.mygdx.game.android.R$color: int common_signin_btn_light_text_default
com.mygdx.game.android.R$color: int common_signin_btn_light_text_disabled
com.mygdx.game.android.R$color: int common_signin_btn_light_text_focused
com.mygdx.game.android.R$color: int common_signin_btn_light_text_pressed
com.mygdx.game.android.R$color: int common_signin_btn_text_dark
com.mygdx.game.android.R$color: int common_signin_btn_text_light
com.mygdx.game.android.R$color: int wallet_bright_foreground_disabled_holo_light
com.mygdx.game.android.R$color: int wallet_bright_foreground_holo_dark
com.mygdx.game.android.R$color: int wallet_bright_foreground_holo_light
com.mygdx.game.android.R$color: int wallet_dim_foreground_disabled_holo_dark
com.mygdx.game.android.R$color: int wallet_dim_foreground_holo_dark
com.mygdx.game.android.R$color: int wallet_dim_foreground_inverse_disabled_holo_dark
com.mygdx.game.android.R$color: int wallet_dim_foreground_inverse_holo_dark
com.mygdx.game.android.R$color: int wallet_highlighted_text_holo_dark
...
com.google.gwt.user.client.impl.DOMImplOpera
com.google.gwt.user.client.impl.DOMImplOpera: void sinkEventsImpl(com.google.gwt.dom.client.Element,int)
com.google.gwt.user.client.impl.DOMImplStandard
com.google.gwt.user.client.impl.DOMImplStandard: com.google.gwt.dom.client.Element getChild(com.google.gwt.dom.client.Element,int)
com.google.gwt.user.client.impl.DOMImplStandard: int getChildCount(com.google.gwt.dom.client.Element)
com.google.gwt.user.client.impl.DOMImplStandard: int getChildIndex(com.google.gwt.dom.client.Element,com.google.gwt.dom.client.Element)
com.google.gwt.user.client.impl.DOMImplStandard: void insertChild(com.google.gwt.dom.client.Element,com.google.gwt.dom.client.Element,int)
com.google.gwt.user.client.impl.DOMImplStandard: void initEventSystem()
com.google.gwt.user.client.impl.DOMImplStandard: void disposeEventSystem()
com.google.gwt.user.client.impl.DOMImplStandard: void sinkBitlessEventImpl(com.google.gwt.dom.client.Element,java.lang.String)
com.google.gwt.user.client.impl.DOMImplStandard: void sinkEventsImpl(com.google.gwt.dom.client.Element,int)
com.google.gwt.user.client.impl.DOMImplStandard: com.google.gwt.user.client.impl.EventMap getBitlessEventDispatchers()
com.google.gwt.user.client.impl.DOMImplStandard: com.google.gwt.user.client.impl.EventMap getCaptureEventDispatchers()
com.google.gwt.user.client.impl.DOMImplTrident
com.google.gwt.user.client.impl.DOMImplTrident: boolean previewEventImpl()
com.google.gwt.user.client.impl.DOMImplTrident: com.google.gwt.dom.client.Element eventGetFromElement(com.google.gwt.user.client.Event)
com.google.gwt.user.client.impl.DOMImplTrident: com.google.gwt.dom.client.Element eventGetToElement(com.google.gwt.user.client.Event)
com.google.gwt.user.client.impl.DOMImplTrident: com.google.gwt.dom.client.Element getChild(com.google.gwt.dom.client.Element,int)
com.google.gwt.user.client.impl.DOMImplTrident: int getChildCount(com.google.gwt.dom.client.Element)
com.google.gwt.user.client.impl.DOMImplTrident: int getChildIndex(com.google.gwt.dom.client.Element,com.google.gwt.dom.client.Element)
com.google.gwt.user.client.impl.DOMImplTrident: void initEventSystem()
com.google.gwt.user.client.impl.DOMImplTrident: void insertChild(com.google.gwt.dom.client.Element,com.google.gwt.dom.client.Element,int)
com.google.gwt.user.client.impl.DOMImplTrident: void releaseCaptureImpl(com.google.gwt.dom.client.Element)
com.google.gwt.user.client.impl.DOMImplTrident: void setCaptureImpl(com.google.gwt.dom.client.Element)
com.google.gwt.user.client.impl.DOMImplTrident: void sinkEventsImpl(com.google.gwt.dom.client.Element,int)
com.google.gwt.user.client.impl.ElementMapperImpl
com.google.gwt.user.client.impl.ElementMapperImpl: void clearIndex(com.google.gwt.dom.client.Element)
com.google.gwt.user.client.impl.ElementMapperImpl: int getIndex(com.google.gwt.dom.client.Element)
com.google.gwt.user.client.impl.ElementMapperImpl: void setIndex(com.google.gwt.dom.client.Element,int)
com.google.gwt.user.client.impl.EventMap
com.google.gwt.user.client.impl.EventMap: com.google.gwt.core.client.JavaScriptObject copyTo(com.google.gwt.user.client.impl.EventMap)
com.google.gwt.user.client.impl.EventMap: void foreach(com.google.gwt.core.client.JavaScriptObject,com.google.gwt.core.client.JavaScriptObject)
com.google.gwt.user.client.impl.HistoryImpl
com.google.gwt.user.client.impl.HistoryImpl: void dispose()
com.google.gwt.user.client.impl.HistoryImpl: java.lang.String encodeFragment(java.lang.String)
com.google.gwt.user.client.impl.HistoryImpl: boolean init()
com.google.gwt.user.client.impl.HistoryImpl: java.lang.String decodeFragment(java.lang.String)
com.google.gwt.user.client.impl.HistoryImpl: void nativeUpdate(java.lang.String)