android/proguard/mapping.txt
com.google.android.gms.drive.internal.az -> com.google.android.gms.drive.internal.v:
    com.google.android.gms.drive.internal.SetDrivePreferencesRequest aA(android.os.Parcel) -> a
    com.google.android.gms.drive.internal.SetDrivePreferencesRequest[] bM(int) -> a
    void a(com.google.android.gms.drive.internal.SetDrivePreferencesRequest,android.os.Parcel,int) -> a
    java.lang.Object[] newArray(int) -> newArray
    java.lang.Object createFromParcel(android.os.Parcel) -> createFromParcel
com.google.android.gms.drive.internal.b -> com.google.android.gms.drive.internal.w:
    com.google.android.gms.drive.internal.AuthorizeAccessRequest W(android.os.Parcel) -> a
    com.google.android.gms.drive.internal.AuthorizeAccessRequest[] bf(int) -> a
    void a(com.google.android.gms.drive.internal.AuthorizeAccessRequest,android.os.Parcel,int) -> a
    java.lang.Object[] newArray(int) -> newArray
    java.lang.Object createFromParcel(android.os.Parcel) -> createFromParcel
com.google.android.gms.drive.internal.ba -> com.google.android.gms.drive.internal.x:
    com.google.android.gms.drive.internal.SetResourceParentsRequest aB(android.os.Parcel) -> a
    com.google.android.gms.drive.internal.SetResourceParentsRequest[] bN(int) -> a
    void a(com.google.android.gms.drive.internal.SetResourceParentsRequest,android.os.Parcel,int) -> a
    java.lang.Object[] newArray(int) -> newArray
    java.lang.Object createFromParcel(android.os.Parcel) -> createFromParcel
com.google.android.gms.drive.internal.bc -> com.google.android.gms.drive.internal.y:
    com.google.android.gms.drive.internal.TrashResourceRequest aC(android.os.Parcel) -> a
    com.google.android.gms.drive.internal.TrashResourceRequest[] bO(int) -> a
    void a(com.google.android.gms.drive.internal.TrashResourceRequest,android.os.Parcel,int) -> a
    java.lang.Object[] newArray(int) -> newArray
    java.lang.Object createFromParcel(android.os.Parcel) -> createFromParcel
com.google.android.gms.drive.internal.bd -> com.google.android.gms.drive.internal.z:
    com.google.android.gms.drive.internal.UpdateMetadataRequest aD(android.os.Parcel) -> a
    com.google.android.gms.drive.internal.UpdateMetadataRequest[] bP(int) -> a
    void a(com.google.android.gms.drive.internal.UpdateMetadataRequest,android.os.Parcel,int) -> a
    java.lang.Object[] newArray(int) -> newArray
    java.lang.Object createFromParcel(android.os.Parcel) -> createFromParcel
com.google.android.gms.drive.internal.d -> com.google.android.gms.drive.internal.aa:
    com.google.android.gms.drive.internal.CheckResourceIdsExistRequest X(android.os.Parcel) -> a
    com.google.android.gms.drive.internal.CheckResourceIdsExistRequest[] bg(int) -> a
    void a(com.google.android.gms.drive.internal.CheckResourceIdsExistRequest,android.os.Parcel,int) -> a
    java.lang.Object[] newArray(int) -> newArray
    java.lang.Object createFromParcel(android.os.Parcel) -> createFromParcel
com.google.android.gms.drive.internal.e -> com.google.android.gms.drive.internal.ab:
    com.google.android.gms.drive.internal.CloseContentsAndUpdateMetadataRequest Y(android.os.Parcel) -> a
    com.google.android.gms.drive.internal.CloseContentsAndUpdateMetadataRequest[] bh(int) -> a
    void a(com.google.android.gms.drive.internal.CloseContentsAndUpdateMetadataRequest,android.os.Parcel,int) -> a
    java.lang.Object[] newArray(int) -> newArray
    java.lang.Object createFromParcel(android.os.Parcel) -> createFromParcel
com.google.android.gms.drive.internal.f -> com.google.android.gms.drive.internal.ac:
    com.google.android.gms.drive.internal.CloseContentsRequest Z(android.os.Parcel) -> a
    com.google.android.gms.drive.internal.CloseContentsRequest[] bi(int) -> a
    void a(com.google.android.gms.drive.internal.CloseContentsRequest,android.os.Parcel,int) -> a
    java.lang.Object[] newArray(int) -> newArray
    java.lang.Object createFromParcel(android.os.Parcel) -> createFromParcel