android/proguard/usage.txt
com.mygdx.game.android.BuildConfig
com.mygdx.game.android.R
com.mygdx.game.android.R$attr
com.mygdx.game.android.R$color
com.mygdx.game.android.R$drawable
com.mygdx.game.android.R$id
com.mygdx.game.android.R$integer
com.mygdx.game.android.R$string
com.mygdx.game.android.R$style
com.mygdx.game.android.R$styleable
com.mygdx.game.android.R$xml
...
com.badlogic.gdx.maps.MapLayer
com.badlogic.gdx.maps.MapLayers
com.badlogic.gdx.maps.MapObject
com.badlogic.gdx.maps.MapObjects
com.badlogic.gdx.maps.MapProperties
com.badlogic.gdx.maps.MapRenderer
com.badlogic.gdx.maps.objects.CircleMapObject
com.badlogic.gdx.maps.objects.EllipseMapObject
com.badlogic.gdx.maps.objects.PolygonMapObject
com.badlogic.gdx.maps.objects.PolylineMapObject
com.badlogic.gdx.maps.objects.RectangleMapObject
com.badlogic.gdx.maps.objects.TextureMapObject
com.badlogic.gdx.maps.tiled.AtlasTmxMapLoader
com.badlogic.gdx.maps.tiled.AtlasTmxMapLoader$AtlasResolver
com.badlogic.gdx.maps.tiled.AtlasTmxMapLoader$AtlasResolver$AssetManagerAtlasResolver
com.badlogic.gdx.maps.tiled.AtlasTmxMapLoader$AtlasResolver$DirectAtlasResolver
com.badlogic.gdx.maps.tiled.AtlasTmxMapLoader$AtlasTiledMapLoaderParameters
com.badlogic.gdx.maps.tiled.TideMapLoader
com.badlogic.gdx.maps.tiled.TideMapLoader$Parameters
com.badlogic.gdx.maps.tiled.TiledMap
com.badlogic.gdx.maps.tiled.TiledMapRenderer
com.badlogic.gdx.maps.tiled.TiledMapTile
com.badlogic.gdx.maps.tiled.TiledMapTile$BlendMode
com.badlogic.gdx.maps.tiled.TiledMapTileLayer
com.badlogic.gdx.maps.tiled.TiledMapTileLayer$Cell
com.badlogic.gdx.maps.tiled.TiledMapTileSet
com.badlogic.gdx.maps.tiled.TiledMapTileSets
com.badlogic.gdx.maps.tiled.TmxMapHelper
com.badlogic.gdx.maps.tiled.TmxMapLoader
com.badlogic.gdx.maps.tiled.TmxMapLoader$Parameters
com.badlogic.gdx.maps.tiled.renderers.BatchTiledMapRenderer
com.badlogic.gdx.maps.tiled.renderers.HexagonalTiledMapRenderer
com.badlogic.gdx.maps.tiled.renderers.IsometricStaggeredTiledMapRenderer
com.badlogic.gdx.maps.tiled.renderers.IsometricTiledMapRenderer
com.badlogic.gdx.maps.tiled.renderers.OrthoCachedTiledMapRenderer
com.badlogic.gdx.maps.tiled.renderers.OrthogonalTiledMapRenderer
com.badlogic.gdx.maps.tiled.tiles.AnimatedTiledMapTile
com.badlogic.gdx.maps.tiled.tiles.StaticTiledMapTile
com.badlogic.gdx.math.Affine2
com.badlogic.gdx.math.BSpline
com.badlogic.gdx.math.Bezier
com.badlogic.gdx.math.Bresenham2
com.badlogic.gdx.math.Bresenham2$1
com.badlogic.gdx.math.CatmullRomSpline
com.badlogic.gdx.math.Circle
com.badlogic.gdx.math.ConvexHull
com.badlogic.gdx.math.CumulativeDistribution
com.badlogic.gdx.math.CumulativeDistribution$CumulativeValue
com.badlogic.gdx.math.DelaunayTriangulator
com.badlogic.gdx.math.EarClippingTriangulator
com.badlogic.gdx.math.Ellipse
com.badlogic.gdx.math.FloatCounter
com.badlogic.gdx.math.Frustum:
    82:86:public boolean pointInFrustum(com.badlogic.gdx.math.Vector3)
    96:100:public boolean pointInFrustum(float,float,float)
    109:112:public boolean sphereInFrustum(com.badlogic.gdx.math.Vector3,float)
    123:125:public boolean sphereInFrustum(float,float,float,float)
    134:137:public boolean sphereInFrustumWithoutNearFar(com.badlogic.gdx.math.Vector3,float)
    148:150:public boolean sphereInFrustumWithoutNearFar(float,float,float,float)
    158:170:public boolean boundsInFrustum(com.badlogic.gdx.math.collision.BoundingBox)
    176:176:public boolean boundsInFrustum(com.badlogic.gdx.math.Vector3,com.badlogic.gdx.math.Vector3)
    182:194:public boolean boundsInFrustum(float,float,float,float,float,float)
com.badlogic.gdx.math.GeometryUtils
com.badlogic.gdx.math.GridPoint2
com.badlogic.gdx.math.GridPoint3
com.badlogic.gdx.math.Interpolation
com.badlogic.gdx.math.Interpolation$1
com.badlogic.gdx.math.Interpolation$2
com.badlogic.gdx.math.Interpolation$3
com.badlogic.gdx.math.Interpolation$4
com.badlogic.gdx.math.Interpolation$5
com.badlogic.gdx.math.Interpolation$6
com.badlogic.gdx.math.Interpolation$7
com.badlogic.gdx.math.Interpolation$8
com.badlogic.gdx.math.Interpolation$Bounce
com.badlogic.gdx.math.Interpolation$BounceIn
com.badlogic.gdx.math.Interpolation$BounceOut
com.badlogic.gdx.math.Interpolation$Elastic
com.badlogic.gdx.math.Interpolation$ElasticIn
com.badlogic.gdx.math.Interpolation$ElasticOut
com.badlogic.gdx.math.Interpolation$Exp
com.badlogic.gdx.math.Interpolation$ExpIn